<?xml version="1.0" encoding="UTF-8"?>
<testng-results ignored="0" total="1" passed="1" failed="0" skipped="0">
  <reporter-output>
  </reporter-output>
  <suite started-at="2022-11-18T18:34:51 IST" name="Test" finished-at="2022-11-18T18:34:55 IST" duration-ms="3832">
    <groups>
    </groups>
    <test started-at="2022-11-18T18:34:51 IST" name="Validate" finished-at="2022-11-18T18:34:55 IST" duration-ms="3832">
      <class name="Development.Registered">
        <test-method is-config="true" signature="Initializing()[pri:0, instance:Development.Registered@1d296da]" started-at="2022-11-18T18:34:50 IST" name="Initializing" finished-at="2022-11-18T18:34:51 IST" duration-ms="841" status="PASS">
          <reporter-output>
          </reporter-output>
        </test-method> <!-- Initializing -->
        <test-method signature="OTP_Verification(java.lang.String)[pri:0, instance:Development.Registered@1d296da]" started-at="2022-11-18T18:34:51 IST" name="OTP_Verification" finished-at="2022-11-18T18:34:55 IST" duration-ms="3774" status="PASS">
          <params>
            <param index="0">
              <value>
                <![CDATA[E:\\GIT_HUB\\FirstBlastit_API\\FirstBlastit_API\\src\\test\\resources\\API_Data\\API_Data .xlsx]]>
              </value>
            </param>
          </params>
          <reporter-output>
          </reporter-output>
        </test-method> <!-- OTP_Verification -->
      </class> <!-- Development.Registered -->
    </test> <!-- Validate -->
  </suite> <!-- Test -->
</testng-results>
