<?xml version="1.0" encoding="UTF-8"?>
<!-- Generated by org.testng.reporters.JUnitXMLReporter -->
<testsuite ignored="0" hostname="DESKTOP-M3LFRSK" failures="1" tests="1" name="Test1" time="0.867" errors="0" timestamp="2022-12-16T13:16:06 IST">
  <testcase classname="Development.Signin_Signup" name="Login_reg" time="0.795">
    <failure type="java.io.FileNotFoundException" message="Filelocation (The system cannot find the file specified)">
      <![CDATA[java.io.FileNotFoundException: Filelocation (The system cannot find the file specified)
at java.base/java.io.FileInputStream.open0(Native Method)
at java.base/java.io.FileInputStream.open(FileInputStream.java:216)
at java.base/java.io.FileInputStream.<init>(FileInputStream.java:157)
at java.base/java.io.FileInputStream.<init>(FileInputStream.java:111)
at Development.Signin_Signup.Login_reg(Signin_Signup.java:46)
at java.base/java.util.ArrayList.forEach(ArrayList.java:1511)
... Removed 27 stack frames]]>
    </failure>
  </testcase> <!-- Login_reg -->
</testsuite> <!-- Test1 -->
